<?xml version="1.0" encoding="UTF-8"?>
<!-- Generated by org.testng.reporters.JUnitReportReporter -->
<testsuite hostname="Abhilashs-MacBook-Pro.local" failures="0" tests="1" name="test.DemoTest" time="4.957" errors="0" timestamp="2024-07-29T18:22:51 IST" skipped="0">
  <testcase classname="test.DemoTest" name="sampleTest" time="4.957"/>
</testsuite> <!-- test.DemoTest -->
